
PLAN_TABLE_OUTPUT                                                                     
_____________________________________________________________________________________ 
Plan hash value: 4060004254                                                           
                                                                                      
----------------------------------------------------------------------------------    
| Id  | Operation          | Name        | Rows  | Bytes | Cost (%CPU)| Time     |    
----------------------------------------------------------------------------------    
|   0 | SELECT STATEMENT   |             |    10 |    60 |     8  (13)| 00:00:01 |    
|   1 |  NESTED LOOPS      |             |    10 |    60 |     8  (13)| 00:00:01 |    
|   2 |   TABLE ACCESS FULL| F           | 11107 | 33321 |     7   (0)| 00:00:01 |    
|*  3 |   INDEX UNIQUE SCAN| SYS_C008347 |     1 |     3 |     0   (0)| 00:00:01 |    
----------------------------------------------------------------------------------    
                                                                                      
Predicate Information (identified by operation id):                                   
---------------------------------------------------                                   
                                                                                      
   3 - access("F"."ID"="D"."ID")                                                      

PLAN_TABLE_OUTPUT                                                                     
_____________________________________________________________________________________ 
Plan hash value: 4060004254                                                           
                                                                                      
----------------------------------------------------------------------------------    
| Id  | Operation          | Name        | Rows  | Bytes | Cost (%CPU)| Time     |    
----------------------------------------------------------------------------------    
|   0 | SELECT STATEMENT   |             |  5000 | 30000 |     8  (13)| 00:00:01 |    
|   1 |  NESTED LOOPS      |             |  5000 | 30000 |     8  (13)| 00:00:01 |    
|*  2 |   TABLE ACCESS FULL| F           |  9999 | 29997 |     7   (0)| 00:00:01 |    
|*  3 |   INDEX UNIQUE SCAN| SYS_C008347 |     1 |     3 |     0   (0)| 00:00:01 |    
----------------------------------------------------------------------------------    
                                                                                      
Predicate Information (identified by operation id):                                   
---------------------------------------------------                                   
                                                                                      
   2 - filter("F"."ID"=0 OR "F"."ID"=10000)                                           
   3 - access("F"."ID"="D"."ID")                                                      
       filter("D"."ID"=0 OR "D"."ID"=10000)                                           

PLAN_TABLE_OUTPUT                                                                     
_____________________________________________________________________________________ 
Plan hash value: 4060004254                                                           
                                                                                      
----------------------------------------------------------------------------------    
| Id  | Operation          | Name        | Rows  | Bytes | Cost (%CPU)| Time     |    
----------------------------------------------------------------------------------    
|   0 | SELECT STATEMENT   |             |  5000 | 30000 |     8  (13)| 00:00:01 |    
|   1 |  NESTED LOOPS      |             |  5000 | 30000 |     8  (13)| 00:00:01 |    
|*  2 |   TABLE ACCESS FULL| F           |  9999 | 29997 |     7   (0)| 00:00:01 |    
|*  3 |   INDEX UNIQUE SCAN| SYS_C008347 |     1 |     3 |     0   (0)| 00:00:01 |    
----------------------------------------------------------------------------------    
                                                                                      
Predicate Information (identified by operation id):                                   
---------------------------------------------------                                   
                                                                                      
   2 - filter("F"."ID"=0 OR "F"."ID"=10000)                                           
   3 - access("ID"="D"."ID")                                                          
       filter("D"."ID"=0 OR "D"."ID"=10000)                                           
